<?xml version="1.0" encoding="UTF-8"?>
<testsuite name="guru.qa.TestPracticeForm" tests="1" skipped="0" failures="0" errors="0" timestamp="2022-04-04T22:32:29" hostname="Alexandras-MacBook-Air.local" time="12.717">
  <properties/>
  <testcase name="fillFormatTest()" classname="guru.qa.TestPracticeForm" time="12.717"/>
  <system-out><![CDATA[]]></system-out>
  <system-err><![CDATA[[Test worker] INFO com.codeborne.selenide.impl.WebDriverThreadLocalContainer - No webdriver is bound to current thread: 14 - let's create a new webdriver
[Test worker] INFO com.codeborne.selenide.impl.FileHelper - Creating folder: /Users/alexandra/IdeaProjects/demo_qa_project/build/downloads/1649111549331_40811_14
[Test worker] INFO io.github.bonigarcia.wdm.WebDriverManager - Using chromedriver 99.0.4844.51 (resolved driver for Chrome 99)
[Test worker] INFO io.github.bonigarcia.wdm.WebDriverManager - Exporting webdriver.chrome.driver as /Users/alexandra/.cache/selenium/chromedriver/mac64/99.0.4844.51/chromedriver
Starting ChromeDriver 99.0.4844.51 (d537ec02474b5afe23684e7963d538896c63ac77-refs/branch-heads/4844@{#875}) on port 60207
Only local connections are allowed.
Please see https://chromedriver.chromium.org/security-considerations for suggestions on keeping ChromeDriver safe.
ChromeDriver was started successfully.
Apr 05, 2022 1:32:35 AM org.openqa.selenium.remote.ProtocolHandshake createSession
INFO: Detected dialect: W3C
Apr 05, 2022 1:32:35 AM org.openqa.selenium.devtools.CdpVersionFinder findNearestMatch
WARNING: Unable to find an exact match for CDP version 99, so returning the closest version found: 97
Apr 05, 2022 1:32:35 AM org.openqa.selenium.devtools.CdpVersionFinder findNearestMatch
INFO: Found CDP implementation for version 99 of 97
[Test worker] INFO com.codeborne.selenide.webdriver.HttpClientTimeouts - Changed connectTimeout from PT10S to PT10S
[Test worker] INFO com.codeborne.selenide.webdriver.HttpClientTimeouts - Changed readTimeout from PT1M30S to PT1M30S
[Test worker] INFO com.codeborne.selenide.webdriver.BrowserResizer - Set browser size to 1200x800
[Test worker] INFO com.codeborne.selenide.webdriver.WebDriverFactory - BrowserName=chrome Version=99.0.4844.84 Platform=MAC
[Test worker] INFO com.codeborne.selenide.webdriver.WebDriverFactory - Selenide v. 6.3.5
[Test worker] INFO com.codeborne.selenide.webdriver.WebDriverFactory - Selenium WebDriver v. 4.1.2 build revision: 9a5a329c5a
[Test worker] INFO com.codeborne.selenide.drivercommands.CreateDriverCommand - Created webdriver in thread 14: ChromeDriver -> ChromeDriver: chrome on MAC (b93b3999a30d62f9b3a32d7b3704800f)
[Test worker] INFO com.codeborne.selenide.impl.WebDriverThreadLocalContainer - Browser and proxy will stay open due to holdBrowserOpen=true: 14 -> ChromeDriver: chrome on MAC (b93b3999a30d62f9b3a32d7b3704800f), null
]]></system-err>
</testsuite>
